<?xml version="1.0" encoding="UTF-8"?>
<testng-results ignored="0" total="1" passed="1" failed="0" skipped="0">
  <reporter-output>
  </reporter-output>
  <suite started-at="2019-08-30T10:26:46Z" name="CO_TestCases" finished-at="2019-08-30T10:27:38Z" duration-ms="52158">
    <groups>
    </groups>
    <test started-at="2019-08-30T10:26:46Z" name="Co_FileUpload_TC" finished-at="2019-08-30T10:27:38Z" duration-ms="52158">
      <class name="test.java.ReportingPageTest">
        <test-method is-config="true" signature="launchDriver()[pri:0, instance:test.java.ReportingPageTest@45b9a632]" started-at="2019-08-30T10:26:40Z" name="launchDriver" finished-at="2019-08-30T10:26:46Z" duration-ms="5704" status="PASS">
          <reporter-output>
          </reporter-output>
        </test-method> <!-- launchDriver -->
        <test-method is-config="true" signature="launchURL()[pri:0, instance:test.java.ReportingPageTest@45b9a632]" started-at="2019-08-30T10:26:46Z" name="launchURL" finished-at="2019-08-30T10:26:49Z" duration-ms="3537" status="PASS">
          <reporter-output>
          </reporter-output>
        </test-method> <!-- launchURL -->
        <test-method is-config="true" signature="login()[pri:0, instance:test.java.ReportingPageTest@45b9a632]" started-at="2019-08-30T10:26:49Z" name="login" finished-at="2019-08-30T10:27:03Z" duration-ms="14198" status="PASS">
          <reporter-output>
          </reporter-output>
        </test-method> <!-- login -->
        <test-method signature="advancedReporting_LM()[pri:0, instance:test.java.ReportingPageTest@45b9a632]" started-at="2019-08-30T10:27:03Z" name="advancedReporting_LM" finished-at="2019-08-30T10:27:34Z" duration-ms="30403" status="PASS">
          <reporter-output>
          </reporter-output>
        </test-method> <!-- advancedReporting_LM -->
        <test-method is-config="true" signature="logOut()[pri:0, instance:test.java.ReportingPageTest@45b9a632]" started-at="2019-08-30T10:27:34Z" name="logOut" finished-at="2019-08-30T10:27:38Z" duration-ms="3972" status="PASS">
          <reporter-output>
          </reporter-output>
        </test-method> <!-- logOut -->
        <test-method is-config="true" signature="tesrDown()[pri:0, instance:test.java.ReportingPageTest@45b9a632]" started-at="2019-08-30T10:27:38Z" name="tesrDown" finished-at="2019-08-30T10:27:39Z" duration-ms="978" status="PASS">
          <reporter-output>
          </reporter-output>
        </test-method> <!-- tesrDown -->
      </class> <!-- test.java.ReportingPageTest -->
    </test> <!-- Co_FileUpload_TC -->
  </suite> <!-- CO_TestCases -->
</testng-results>
